  [1m[36m (582.5ms)[0m  [1mCREATE TABLE "schema_migrations" ("version" character varying NOT NULL) [0m
  [1m[35m (36.8ms)[0m  CREATE UNIQUE INDEX  "unique_schema_migrations" ON "schema_migrations"  ("version")
  [1m[36mActiveRecord::SchemaMigration Load (1.9ms)[0m  [1mSELECT "schema_migrations".* FROM "schema_migrations"[0m
Migrating to CreatePosts (20151027183741)
  [1m[35m (19.9ms)[0m  BEGIN
  [1m[36m (92.9ms)[0m  [1mCREATE TABLE "posts" ("id" serial primary key, "title" character varying NOT NULL, "body" text, "created_at" timestamp NOT NULL, "updated_at" timestamp NOT NULL) [0m
  [1m[35mSQL (15.1ms)[0m  INSERT INTO "schema_migrations" ("version") VALUES ($1)  [["version", "20151027183741"]]
  [1m[36m (1.8ms)[0m  [1mCOMMIT[0m
  [1m[35mActiveRecord::SchemaMigration Load (0.4ms)[0m  SELECT "schema_migrations".* FROM "schema_migrations"
  [1m[36m (5.9ms)[0m  [1mSELECT t2.oid::regclass::text AS to_table, a1.attname AS column, a2.attname AS primary_key, c.conname AS name, c.confupdtype AS on_update, c.confdeltype AS on_delete
FROM pg_constraint c
JOIN pg_class t1 ON c.conrelid = t1.oid
JOIN pg_class t2 ON c.confrelid = t2.oid
JOIN pg_attribute a1 ON a1.attnum = c.conkey[1] AND a1.attrelid = t1.oid
JOIN pg_attribute a2 ON a2.attnum = c.confkey[1] AND a2.attrelid = t2.oid
JOIN pg_namespace t3 ON c.connamespace = t3.oid
WHERE c.contype = 'f'
  AND t1.relname = 'posts'
  AND t3.nspname = ANY (current_schemas(false))
ORDER BY c.conname
[0m


Started GET "/" for ::1 at 2015-12-13 15:14:00 -0800
  [1m[36mActiveRecord::SchemaMigration Load (1.0ms)[0m  [1mSELECT "schema_migrations".* FROM "schema_migrations"[0m
Processing by StaticPagesController#root as HTML
  Rendered static_pages/root.html.erb within layouts/application (7.2ms)
Completed 200 OK in 1207ms (Views: 1206.8ms | ActiveRecord: 0.0ms)


Started GET "/assets/api/posts.self-e3b0c44298fc1c149afbf4c8996fb92427ae41e4649b934ca495991b7852b855.css?body=1" for ::1 at 2015-12-13 15:14:03 -0800


Started GET "/assets/application.self-e80e8f2318043e8af94dddc2adad5a4f09739a8ebb323b3ab31cd71d45fd9113.css?body=1" for ::1 at 2015-12-13 15:14:03 -0800


Started GET "/assets/bundle.self-42d52468d968491484592f2fd2d3cd6d76d5d64c8723576d74ee80d82f638d74.js?body=1" for ::1 at 2015-12-13 15:14:03 -0800


Started GET "/" for ::1 at 2015-12-13 15:28:00 -0800
Processing by StaticPagesController#root as HTML
  Rendered static_pages/root.html.erb within layouts/application (0.7ms)
Completed 200 OK in 403ms (Views: 400.6ms | ActiveRecord: 0.0ms)


Started GET "/assets/bundle.self-42d52468d968491484592f2fd2d3cd6d76d5d64c8723576d74ee80d82f638d74.js?body=1" for ::1 at 2015-12-13 15:28:01 -0800


Started GET "/assets/api/posts.self-e3b0c44298fc1c149afbf4c8996fb92427ae41e4649b934ca495991b7852b855.css?body=1" for ::1 at 2015-12-13 15:28:01 -0800


Started GET "/assets/application.self-e80e8f2318043e8af94dddc2adad5a4f09739a8ebb323b3ab31cd71d45fd9113.css?body=1" for ::1 at 2015-12-13 15:28:01 -0800


Started GET "/assets/static_pages.self-e3b0c44298fc1c149afbf4c8996fb92427ae41e4649b934ca495991b7852b855.css?body=1" for ::1 at 2015-12-13 15:28:01 -0800


Started GET "/assets/application.self-3b8dabdc891efe46b9a144b400ad69e37d7e5876bdc39dee783419a69d7ca819.js?body=1" for ::1 at 2015-12-13 15:28:01 -0800


Started GET "/assets/jquery_ujs.self-d456baa54c1fa6be2ec3711f0a72ddf7a5b2f34a6b4f515f33767d6207b7d4b3.js?body=1" for ::1 at 2015-12-13 15:28:01 -0800


Started GET "/assets/jquery.self-a714331225dda820228db323939889f149aec0127aeb06255646b616ba1ca419.js?body=1" for ::1 at 2015-12-13 15:28:01 -0800


Started GET "/" for ::1 at 2015-12-13 15:32:49 -0800
Processing by StaticPagesController#root as HTML
  Rendered static_pages/root.html.erb within layouts/application (0.9ms)
Completed 200 OK in 972ms (Views: 971.1ms | ActiveRecord: 0.0ms)


Started GET "/assets/api/posts.self-e3b0c44298fc1c149afbf4c8996fb92427ae41e4649b934ca495991b7852b855.css?body=1" for ::1 at 2015-12-13 15:32:50 -0800


Started GET "/assets/static_pages.self-e3b0c44298fc1c149afbf4c8996fb92427ae41e4649b934ca495991b7852b855.css?body=1" for ::1 at 2015-12-13 15:32:50 -0800


Started GET "/assets/application.self-e80e8f2318043e8af94dddc2adad5a4f09739a8ebb323b3ab31cd71d45fd9113.css?body=1" for ::1 at 2015-12-13 15:32:50 -0800


Started GET "/assets/jquery_ujs.self-d456baa54c1fa6be2ec3711f0a72ddf7a5b2f34a6b4f515f33767d6207b7d4b3.js?body=1" for ::1 at 2015-12-13 15:32:50 -0800


Started GET "/assets/jquery.self-a714331225dda820228db323939889f149aec0127aeb06255646b616ba1ca419.js?body=1" for ::1 at 2015-12-13 15:32:50 -0800


Started GET "/assets/bundle.self-5d965dae23a7180a5e47e2fdfaecef8ffb6d3e3dbe058f3f436c7ba3d4334176.js?body=1" for ::1 at 2015-12-13 15:32:50 -0800


Started GET "/assets/application.self-3b8dabdc891efe46b9a144b400ad69e37d7e5876bdc39dee783419a69d7ca819.js?body=1" for ::1 at 2015-12-13 15:32:50 -0800


Started GET "/assets/bundle.js.map" for ::1 at 2015-12-13 15:33:36 -0800


Started GET "/" for ::1 at 2015-12-13 15:34:27 -0800
Processing by StaticPagesController#root as HTML
  Rendered static_pages/root.html.erb within layouts/application (1.0ms)
Completed 200 OK in 1162ms (Views: 1161.1ms | ActiveRecord: 0.0ms)


Started GET "/assets/api/posts.self-e3b0c44298fc1c149afbf4c8996fb92427ae41e4649b934ca495991b7852b855.css?body=1" for ::1 at 2015-12-13 15:34:29 -0800


Started GET "/assets/static_pages.self-e3b0c44298fc1c149afbf4c8996fb92427ae41e4649b934ca495991b7852b855.css?body=1" for ::1 at 2015-12-13 15:34:29 -0800


Started GET "/assets/application.self-e80e8f2318043e8af94dddc2adad5a4f09739a8ebb323b3ab31cd71d45fd9113.css?body=1" for ::1 at 2015-12-13 15:34:29 -0800


Started GET "/assets/jquery.self-a714331225dda820228db323939889f149aec0127aeb06255646b616ba1ca419.js?body=1" for ::1 at 2015-12-13 15:34:30 -0800


Started GET "/assets/jquery_ujs.self-d456baa54c1fa6be2ec3711f0a72ddf7a5b2f34a6b4f515f33767d6207b7d4b3.js?body=1" for ::1 at 2015-12-13 15:34:30 -0800


Started GET "/assets/bundle.self-18a49470bd6d061f98fba39415c334cb947a20763e086a42e7626865a9dbdeb4.js?body=1" for ::1 at 2015-12-13 15:34:30 -0800


Started GET "/assets/application.self-3b8dabdc891efe46b9a144b400ad69e37d7e5876bdc39dee783419a69d7ca819.js?body=1" for ::1 at 2015-12-13 15:34:30 -0800


Started GET "/assets/bundle.js.map" for ::1 at 2015-12-13 15:34:30 -0800


Started GET "/" for ::1 at 2015-12-13 15:35:10 -0800
Processing by StaticPagesController#root as HTML
  Rendered static_pages/root.html.erb within layouts/application (0.1ms)
Completed 200 OK in 885ms (Views: 884.4ms | ActiveRecord: 0.0ms)


Started GET "/assets/api/posts.self-e3b0c44298fc1c149afbf4c8996fb92427ae41e4649b934ca495991b7852b855.css?body=1" for ::1 at 2015-12-13 15:35:11 -0800


Started GET "/assets/jquery_ujs.self-d456baa54c1fa6be2ec3711f0a72ddf7a5b2f34a6b4f515f33767d6207b7d4b3.js?body=1" for ::1 at 2015-12-13 15:35:11 -0800


Started GET "/assets/application.self-e80e8f2318043e8af94dddc2adad5a4f09739a8ebb323b3ab31cd71d45fd9113.css?body=1" for ::1 at 2015-12-13 15:35:11 -0800


Started GET "/assets/static_pages.self-e3b0c44298fc1c149afbf4c8996fb92427ae41e4649b934ca495991b7852b855.css?body=1" for ::1 at 2015-12-13 15:35:11 -0800


Started GET "/assets/jquery.self-a714331225dda820228db323939889f149aec0127aeb06255646b616ba1ca419.js?body=1" for ::1 at 2015-12-13 15:35:11 -0800


Started GET "/assets/bundle.self-b0252a733fac8fae9760158c150c16c765443991542cc4aa473ecadb362508d2.js?body=1" for ::1 at 2015-12-13 15:35:11 -0800


Started GET "/assets/application.self-3b8dabdc891efe46b9a144b400ad69e37d7e5876bdc39dee783419a69d7ca819.js?body=1" for ::1 at 2015-12-13 15:35:11 -0800


Started GET "/assets/bundle.js.map" for ::1 at 2015-12-13 15:35:12 -0800


Started GET "/" for ::1 at 2015-12-13 15:36:45 -0800
Processing by StaticPagesController#root as HTML
  Rendered static_pages/root.html.erb within layouts/application (1.0ms)
Completed 200 OK in 1092ms (Views: 1090.5ms | ActiveRecord: 0.0ms)


Started GET "/assets/api/posts.self-e3b0c44298fc1c149afbf4c8996fb92427ae41e4649b934ca495991b7852b855.css?body=1" for ::1 at 2015-12-13 15:36:47 -0800


Started GET "/assets/static_pages.self-e3b0c44298fc1c149afbf4c8996fb92427ae41e4649b934ca495991b7852b855.css?body=1" for ::1 at 2015-12-13 15:36:47 -0800


Started GET "/assets/application.self-e80e8f2318043e8af94dddc2adad5a4f09739a8ebb323b3ab31cd71d45fd9113.css?body=1" for ::1 at 2015-12-13 15:36:47 -0800


Started GET "/assets/jquery.self-a714331225dda820228db323939889f149aec0127aeb06255646b616ba1ca419.js?body=1" for ::1 at 2015-12-13 15:36:47 -0800


Started GET "/assets/jquery_ujs.self-d456baa54c1fa6be2ec3711f0a72ddf7a5b2f34a6b4f515f33767d6207b7d4b3.js?body=1" for ::1 at 2015-12-13 15:36:47 -0800


Started GET "/assets/bundle.self-8cfea259bd93f422edf1f079836688091959754595c4818ce6fee1b2f492021e.js?body=1" for ::1 at 2015-12-13 15:36:47 -0800


Started GET "/assets/application.self-3b8dabdc891efe46b9a144b400ad69e37d7e5876bdc39dee783419a69d7ca819.js?body=1" for ::1 at 2015-12-13 15:36:47 -0800


Started GET "/assets/bundle.js.map" for ::1 at 2015-12-13 15:36:48 -0800


Started GET "/" for ::1 at 2015-12-13 15:39:26 -0800
Processing by StaticPagesController#root as HTML
  Rendered static_pages/root.html.erb within layouts/application (0.4ms)
Completed 200 OK in 950ms (Views: 949.1ms | ActiveRecord: 0.0ms)


Started GET "/assets/api/posts.self-e3b0c44298fc1c149afbf4c8996fb92427ae41e4649b934ca495991b7852b855.css?body=1" for ::1 at 2015-12-13 15:39:27 -0800


Started GET "/assets/static_pages.self-e3b0c44298fc1c149afbf4c8996fb92427ae41e4649b934ca495991b7852b855.css?body=1" for ::1 at 2015-12-13 15:39:27 -0800


Started GET "/assets/application.self-e80e8f2318043e8af94dddc2adad5a4f09739a8ebb323b3ab31cd71d45fd9113.css?body=1" for ::1 at 2015-12-13 15:39:27 -0800


Started GET "/assets/application.self-3b8dabdc891efe46b9a144b400ad69e37d7e5876bdc39dee783419a69d7ca819.js?body=1" for ::1 at 2015-12-13 15:39:27 -0800


Started GET "/assets/jquery_ujs.self-d456baa54c1fa6be2ec3711f0a72ddf7a5b2f34a6b4f515f33767d6207b7d4b3.js?body=1" for ::1 at 2015-12-13 15:39:27 -0800


Started GET "/assets/jquery.self-a714331225dda820228db323939889f149aec0127aeb06255646b616ba1ca419.js?body=1" for ::1 at 2015-12-13 15:39:27 -0800


Started GET "/assets/bundle.self-8cfea259bd93f422edf1f079836688091959754595c4818ce6fee1b2f492021e.js?body=1" for ::1 at 2015-12-13 15:39:27 -0800


Started GET "/assets/bundle.js.map" for ::1 at 2015-12-13 15:39:27 -0800


Started GET "/posts" for ::1 at 2015-12-13 16:32:13 -0800

ActionController::RoutingError (No route matches [GET] "/posts"):
  actionpack (4.2.4) lib/action_dispatch/middleware/debug_exceptions.rb:21:in `call'
  web-console (2.2.1) lib/web_console/middleware.rb:39:in `call'
  actionpack (4.2.4) lib/action_dispatch/middleware/show_exceptions.rb:30:in `call'
  railties (4.2.4) lib/rails/rack/logger.rb:38:in `call_app'
  railties (4.2.4) lib/rails/rack/logger.rb:20:in `block in call'
  activesupport (4.2.4) lib/active_support/tagged_logging.rb:68:in `block in tagged'
  activesupport (4.2.4) lib/active_support/tagged_logging.rb:26:in `tagged'
  activesupport (4.2.4) lib/active_support/tagged_logging.rb:68:in `tagged'
  railties (4.2.4) lib/rails/rack/logger.rb:20:in `call'
  actionpack (4.2.4) lib/action_dispatch/middleware/request_id.rb:21:in `call'
  rack (1.6.4) lib/rack/methodoverride.rb:22:in `call'
  rack (1.6.4) lib/rack/runtime.rb:18:in `call'
  activesupport (4.2.4) lib/active_support/cache/strategy/local_cache_middleware.rb:28:in `call'
  rack (1.6.4) lib/rack/lock.rb:17:in `call'
  actionpack (4.2.4) lib/action_dispatch/middleware/static.rb:116:in `call'
  rack (1.6.4) lib/rack/sendfile.rb:113:in `call'
  railties (4.2.4) lib/rails/engine.rb:518:in `call'
  railties (4.2.4) lib/rails/application.rb:165:in `call'
  rack (1.6.4) lib/rack/lock.rb:17:in `call'
  rack (1.6.4) lib/rack/content_length.rb:15:in `call'
  rack (1.6.4) lib/rack/handler/webrick.rb:88:in `service'
  /Users/daniel/.rbenv/versions/2.1.2/lib/ruby/2.1.0/webrick/httpserver.rb:138:in `service'
  /Users/daniel/.rbenv/versions/2.1.2/lib/ruby/2.1.0/webrick/httpserver.rb:94:in `run'
  /Users/daniel/.rbenv/versions/2.1.2/lib/ruby/2.1.0/webrick/server.rb:295:in `block in start_thread'


  Rendered /Users/daniel/.rbenv/versions/2.1.2/lib/ruby/gems/2.1.0/gems/actionpack-4.2.4/lib/action_dispatch/middleware/templates/rescues/_trace.html.erb (84.3ms)
  Rendered /Users/daniel/.rbenv/versions/2.1.2/lib/ruby/gems/2.1.0/gems/actionpack-4.2.4/lib/action_dispatch/middleware/templates/routes/_route.html.erb (4.0ms)
  Rendered /Users/daniel/.rbenv/versions/2.1.2/lib/ruby/gems/2.1.0/gems/actionpack-4.2.4/lib/action_dispatch/middleware/templates/routes/_table.html.erb (199.0ms)
  Rendered /Users/daniel/.rbenv/versions/2.1.2/lib/ruby/gems/2.1.0/gems/actionpack-4.2.4/lib/action_dispatch/middleware/templates/rescues/_request_and_response.html.erb (251.9ms)
  Rendered /Users/daniel/.rbenv/versions/2.1.2/lib/ruby/gems/2.1.0/gems/actionpack-4.2.4/lib/action_dispatch/middleware/templates/rescues/routing_error.html.erb within rescues/layout (1983.5ms)
  Rendered /Users/daniel/.rbenv/versions/2.1.2/lib/ruby/gems/2.1.0/gems/web-console-2.2.1/lib/web_console/templates/_markup.html.erb (1.0ms)
  Rendered /Users/daniel/.rbenv/versions/2.1.2/lib/ruby/gems/2.1.0/gems/web-console-2.2.1/lib/web_console/templates/_inner_console_markup.html.erb within layouts/inlined_string (1.1ms)
  Rendered /Users/daniel/.rbenv/versions/2.1.2/lib/ruby/gems/2.1.0/gems/web-console-2.2.1/lib/web_console/templates/_prompt_box_markup.html.erb within layouts/inlined_string (1.0ms)
  Rendered /Users/daniel/.rbenv/versions/2.1.2/lib/ruby/gems/2.1.0/gems/web-console-2.2.1/lib/web_console/templates/style.css.erb within layouts/inlined_string (1.1ms)
  Rendered /Users/daniel/.rbenv/versions/2.1.2/lib/ruby/gems/2.1.0/gems/web-console-2.2.1/lib/web_console/templates/console.js.erb within layouts/javascript (362.7ms)
  Rendered /Users/daniel/.rbenv/versions/2.1.2/lib/ruby/gems/2.1.0/gems/web-console-2.2.1/lib/web_console/templates/main.js.erb within layouts/javascript (0.7ms)
  Rendered /Users/daniel/.rbenv/versions/2.1.2/lib/ruby/gems/2.1.0/gems/web-console-2.2.1/lib/web_console/templates/error_page.js.erb within layouts/javascript (0.9ms)
  Rendered /Users/daniel/.rbenv/versions/2.1.2/lib/ruby/gems/2.1.0/gems/web-console-2.2.1/lib/web_console/templates/index.html.erb (1364.1ms)


Started GET "/assets/bundle.self-8cfea259bd93f422edf1f079836688091959754595c4818ce6fee1b2f492021e.js?body=1" for ::1 at 2015-12-13 16:32:46 -0800


Started GET "/assets/bundle.js.map" for ::1 at 2015-12-13 16:32:48 -0800
